<?xml version="1.0" encoding="UTF-8"?>
<!-- Generated by org.testng.reporters.JUnitXMLReporter -->
<testsuite ignored="2" hostname="IRENEs-MacBook-Pro.local" failures="0" tests="1" name="Default test" time="22.433" errors="0" timestamp="2022-03-15T20:01:28 CST">
  <testcase classname="test.SeleniumDemo" name="sampleTestMethod3" time="5.274"/>
  <testcase classname="test.SeleniumDemo" name="sampleTestMethod2" time="0.0">
    <ignored/>
  </testcase> <!-- sampleTestMethod2 -->
  <testcase classname="test.SeleniumDemo" name="sampleTestMethod" time="0.0">
    <ignored/>
  </testcase> <!-- sampleTestMethod -->
</testsuite> <!-- Default test -->
