<?xml version="1.0" encoding="UTF-8"?>
<testng-results ignored="2" total="3" passed="1" failed="0" skipped="0">
  <reporter-output>
  </reporter-output>
  <suite started-at="2022-03-15T20:01:00 CST" name="Default suite" finished-at="2022-03-15T20:01:23 CST" duration-ms="22433">
    <groups>
    </groups>
    <test started-at="2022-03-15T20:01:00 CST" name="Default test" finished-at="2022-03-15T20:01:23 CST" duration-ms="22433">
      <class name="test.SeleniumDemo">
        <test-method is-config="true" signature="startTesting()[pri:0, instance:test.SeleniumDemo@4659191b]" started-at="2022-03-15T20:01:00 CST" name="startTesting" finished-at="2022-03-15T20:01:00 CST" duration-ms="7" status="PASS">
          <reporter-output>
          </reporter-output>
        </test-method> <!-- startTesting -->
        <test-method is-config="true" signature="startDriver()[pri:0, instance:test.SeleniumDemo@4659191b]" started-at="2022-03-15T20:01:00 CST" name="startDriver" finished-at="2022-03-15T20:01:12 CST" duration-ms="12006" status="PASS">
          <reporter-output>
          </reporter-output>
        </test-method> <!-- startDriver -->
        <test-method signature="sampleTestMethod3()[pri:0, instance:test.SeleniumDemo@4659191b]" started-at="2022-03-15T20:01:12 CST" name="sampleTestMethod3" finished-at="2022-03-15T20:01:17 CST" duration-ms="5274" status="PASS">
          <reporter-output>
          </reporter-output>
        </test-method> <!-- sampleTestMethod3 -->
        <test-method is-config="true" signature="terminateBrowser()[pri:0, instance:test.SeleniumDemo@4659191b]" started-at="2022-03-15T20:01:17 CST" name="terminateBrowser" finished-at="2022-03-15T20:01:23 CST" duration-ms="5121" status="PASS">
          <reporter-output>
          </reporter-output>
        </test-method> <!-- terminateBrowser -->
      </class> <!-- test.SeleniumDemo -->
    </test> <!-- Default test -->
  </suite> <!-- Default suite -->
</testng-results>
